androidApp/build/intermediates/manifest_merge_blame_file/debug/processDebugMainManifest/manifest-merger-blame-debug-report.txt
1<?xml version="1.0" encoding="utf-8"?>
2<manifest xmlns:android="http://schemas.android.com/apk/res/android"
3    package="com.hojmoseit.wingmate"
4    android:versionCode="6"
5    android:versionName="1.3" >
6
7    <uses-sdk
8        android:minSdkVersion="24"
9        android:targetSdkVersion="36" />
10
11    <uses-permission android:name="android.permission.INTERNET" />
11-->src/main/AndroidManifest.xml:3:5-67
11-->src/main/AndroidManifest.xml:3:22-64
12    <uses-permission android:name="android.permission.ACCESS_NETWORK_STATE" />
12-->src/main/AndroidManifest.xml:4:5-79
12-->src/main/AndroidManifest.xml:4:22-76
13
14    <permission
14-->[androidx.core:core:1.13.1] AndroidManifest.xml:22:5-24:47
15        android:name="com.hojmoseit.wingmate.DYNAMIC_RECEIVER_NOT_EXPORTED_PERMISSION"
15-->[androidx.core:core:1.13.1] AndroidManifest.xml:23:9-81
16        android:protectionLevel="signature" />
16-->[androidx.core:core:1.13.1] AndroidManifest.xml:24:9-44
17
18    <uses-permission android:name="com.hojmoseit.wingmate.DYNAMIC_RECEIVER_NOT_EXPORTED_PERMISSION" />
18-->[androidx.core:core:1.13.1] AndroidManifest.xml:26:5-97
18-->[androidx.core:core:1.13.1] AndroidManifest.xml:26:22-94
19
20    <application
20-->src/main/AndroidManifest.xml:5:5-30:19
21        android:appComponentFactory="androidx.core.app.CoreComponentFactory"
21-->[androidx.core:core:1.13.1] AndroidManifest.xml:28:18-86
22        android:debuggable="true"
23        android:extractNativeLibs="false"
24        android:icon="@mipmap/ic_launcher"
24-->src/main/AndroidManifest.xml:7:9-43
25        android:label="Wingmate KMP"
25-->src/main/AndroidManifest.xml:6:9-37
26        android:testOnly="true"
27        android:theme="@style/Theme.AppCompat.DayNight.NoActionBar" >
27-->src/main/AndroidManifest.xml:8:9-68
28        <provider
29            android:name="androidx.core.content.FileProvider"
29-->src/main/AndroidManifest.xml:10:13-62
30            android:authorities="com.hojmoseit.wingmate.fileprovider"
30-->src/main/AndroidManifest.xml:11:13-64
31            android:exported="false"
31-->src/main/AndroidManifest.xml:12:13-37
32            android:grantUriPermissions="true" >
32-->src/main/AndroidManifest.xml:13:13-47
33            <meta-data
33-->src/main/AndroidManifest.xml:14:13-16:54
34                android:name="android.support.FILE_PROVIDER_PATHS"
34-->src/main/AndroidManifest.xml:15:17-67
35                android:resource="@xml/file_paths" />
35-->src/main/AndroidManifest.xml:16:17-51
36        </provider>
37
38        <activity
38-->src/main/AndroidManifest.xml:18:9-25:20
39            android:name="io.github.jdreioe.wingmate.MainActivity"
39-->src/main/AndroidManifest.xml:19:13-67
40            android:exported="true" >
40-->src/main/AndroidManifest.xml:20:13-36
41            <intent-filter>
41-->src/main/AndroidManifest.xml:21:13-24:29
42                <action android:name="android.intent.action.MAIN" />
42-->src/main/AndroidManifest.xml:22:17-69
42-->src/main/AndroidManifest.xml:22:25-66
43
44                <category android:name="android.intent.category.LAUNCHER" />
44-->src/main/AndroidManifest.xml:23:17-77
44-->src/main/AndroidManifest.xml:23:27-74
45            </intent-filter>
46        </activity>
47        <activity
47-->src/main/AndroidManifest.xml:26:9-29:75
48            android:name="io.github.jdreioe.wingmate.display.PrimaryDisplayActivity"
48-->src/main/AndroidManifest.xml:27:13-85
49            android:exported="false"
49-->src/main/AndroidManifest.xml:28:13-37
50            android:theme="@style/Theme.AppCompat.DayNight.NoActionBar" />
50-->src/main/AndroidManifest.xml:29:13-72
51
52        <provider
52-->[org.jetbrains.compose.components:components-resources-android:1.7.0] AndroidManifest.xml:8:9-13:20
53            android:name="org.jetbrains.compose.resources.AndroidContextProvider"
53-->[org.jetbrains.compose.components:components-resources-android:1.7.0] AndroidManifest.xml:9:13-82
54            android:authorities="com.hojmoseit.wingmate.resources.AndroidContextProvider"
54-->[org.jetbrains.compose.components:components-resources-android:1.7.0] AndroidManifest.xml:10:13-84
55            android:enabled="true"
55-->[org.jetbrains.compose.components:components-resources-android:1.7.0] AndroidManifest.xml:11:13-35
56            android:exported="false" >
56-->[org.jetbrains.compose.components:components-resources-android:1.7.0] AndroidManifest.xml:12:13-37
57        </provider>
58
59        <activity
59-->[androidx.compose.ui:ui-tooling-android:1.7.1] AndroidManifest.xml:23:9-25:39
60            android:name="androidx.compose.ui.tooling.PreviewActivity"
60-->[androidx.compose.ui:ui-tooling-android:1.7.1] AndroidManifest.xml:24:13-71
61            android:exported="true" />
61-->[androidx.compose.ui:ui-tooling-android:1.7.1] AndroidManifest.xml:25:13-36
62
63        <uses-library
63-->[androidx.window:window:1.2.0-beta03] AndroidManifest.xml:23:9-25:40
64            android:name="androidx.window.extensions"
64-->[androidx.window:window:1.2.0-beta03] AndroidManifest.xml:24:13-54
65            android:required="false" />
65-->[androidx.window:window:1.2.0-beta03] AndroidManifest.xml:25:13-37
66        <uses-library
66-->[androidx.window:window:1.2.0-beta03] AndroidManifest.xml:26:9-28:40
67            android:name="androidx.window.sidecar"
67-->[androidx.window:window:1.2.0-beta03] AndroidManifest.xml:27:13-51
68            android:required="false" />
68-->[androidx.window:window:1.2.0-beta03] AndroidManifest.xml:28:13-37
69
70        <provider
70-->[androidx.emoji2:emoji2:1.3.0] AndroidManifest.xml:24:9-32:20
71            android:name="androidx.startup.InitializationProvider"
71-->[androidx.emoji2:emoji2:1.3.0] AndroidManifest.xml:25:13-67
72            android:authorities="com.hojmoseit.wingmate.androidx-startup"
72-->[androidx.emoji2:emoji2:1.3.0] AndroidManifest.xml:26:13-68
73            android:exported="false" >
73-->[androidx.emoji2:emoji2:1.3.0] AndroidManifest.xml:27:13-37
74            <meta-data
74-->[androidx.emoji2:emoji2:1.3.0] AndroidManifest.xml:29:13-31:52
75                android:name="androidx.emoji2.text.EmojiCompatInitializer"
75-->[androidx.emoji2:emoji2:1.3.0] AndroidManifest.xml:30:17-75
76                android:value="androidx.startup" />
76-->[androidx.emoji2:emoji2:1.3.0] AndroidManifest.xml:31:17-49
77            <meta-data
77-->[androidx.lifecycle:lifecycle-process:2.9.0] AndroidManifest.xml:29:13-31:52
78                android:name="androidx.lifecycle.ProcessLifecycleInitializer"
78-->[androidx.lifecycle:lifecycle-process:2.9.0] AndroidManifest.xml:30:17-78
79                android:value="androidx.startup" />
79-->[androidx.lifecycle:lifecycle-process:2.9.0] AndroidManifest.xml:31:17-49
80            <meta-data
80-->[androidx.profileinstaller:profileinstaller:1.4.0] AndroidManifest.xml:29:13-31:52
81                android:name="androidx.profileinstaller.ProfileInstallerInitializer"
81-->[androidx.profileinstaller:profileinstaller:1.4.0] AndroidManifest.xml:30:17-85
82                android:value="androidx.startup" />
82-->[androidx.profileinstaller:profileinstaller:1.4.0] AndroidManifest.xml:31:17-49
83        </provider>
84
85        <receiver
85-->[androidx.profileinstaller:profileinstaller:1.4.0] AndroidManifest.xml:34:9-52:20
86            android:name="androidx.profileinstaller.ProfileInstallReceiver"
86-->[androidx.profileinstaller:profileinstaller:1.4.0] AndroidManifest.xml:35:13-76
87            android:directBootAware="false"
87-->[androidx.profileinstaller:profileinstaller:1.4.0] AndroidManifest.xml:36:13-44
88            android:enabled="true"
88-->[androidx.profileinstaller:profileinstaller:1.4.0] AndroidManifest.xml:37:13-35
89            android:exported="true"
89-->[androidx.profileinstaller:profileinstaller:1.4.0] AndroidManifest.xml:38:13-36
90            android:permission="android.permission.DUMP" >
90-->[androidx.profileinstaller:profileinstaller:1.4.0] AndroidManifest.xml:39:13-57
91            <intent-filter>
91-->[androidx.profileinstaller:profileinstaller:1.4.0] AndroidManifest.xml:40:13-42:29
92                <action android:name="androidx.profileinstaller.action.INSTALL_PROFILE" />
92-->[androidx.profileinstaller:profileinstaller:1.4.0] AndroidManifest.xml:41:17-91
92-->[androidx.profileinstaller:profileinstaller:1.4.0] AndroidManifest.xml:41:25-88
93            </intent-filter>
94            <intent-filter>
94-->[androidx.profileinstaller:profileinstaller:1.4.0] AndroidManifest.xml:43:13-45:29
95                <action android:name="androidx.profileinstaller.action.SKIP_FILE" />
95-->[androidx.profileinstaller:profileinstaller:1.4.0] AndroidManifest.xml:44:17-85
95-->[androidx.profileinstaller:profileinstaller:1.4.0] AndroidManifest.xml:44:25-82
96            </intent-filter>
97            <intent-filter>
97-->[androidx.profileinstaller:profileinstaller:1.4.0] AndroidManifest.xml:46:13-48:29
98                <action android:name="androidx.profileinstaller.action.SAVE_PROFILE" />
98-->[androidx.profileinstaller:profileinstaller:1.4.0] AndroidManifest.xml:47:17-88
98-->[androidx.profileinstaller:profileinstaller:1.4.0] AndroidManifest.xml:47:25-85
99            </intent-filter>
100            <intent-filter>
100-->[androidx.profileinstaller:profileinstaller:1.4.0] AndroidManifest.xml:49:13-51:29
101                <action android:name="androidx.profileinstaller.action.BENCHMARK_OPERATION" />
101-->[androidx.profileinstaller:profileinstaller:1.4.0] AndroidManifest.xml:50:17-95
101-->[androidx.profileinstaller:profileinstaller:1.4.0] AndroidManifest.xml:50:25-92
102            </intent-filter>
103        </receiver>
104    </application>
105
106</manifest>